# list_alloc init_blocks: 1000
# after init: 
Used: 0, allocated: 31620, block size: 16392, bytes: 518315040
### Application: LDS
### Graph: ../benchmarks/EdgeOrientation/ParallelLDS/empty_h
### Threads: 60
### n: 0
### m: 0
### Params: 
### ------------------------------------
resized hist_table to: 262144
# PBBS time: bucket time: 0.0034
# PBBS time: histogram time: 0.0262
### Coreness Exact: 96
resized hist_table to: 524288
# PBBS time: bucket time: 0.0047
# PBBS time: histogram time: 0.0393
### Coreness Exact: 115
resized hist_table to: 1048576
# PBBS time: bucket time: 0.0056
# PBBS time: histogram time: 0.0448
### Coreness Exact: 124
Barrier is initializing
Thread 0 is waiting
Thread 1 is waiting
Thread 2 is waiting
Thread 3 is waiting
Thread 4 is waiting
Thread 5 is waiting
Thread 6 is waiting
Thread 7 is waiting
Thread 8 is waiting
Thread 10 is waiting
Thread 12 is waiting
Thread 9 is waiting
Thread 11 is waiting
Thread 13 is waiting
Main thread batch is waiting
Thread 14 is waiting
Thread 14 is running
Main thread batch started
Thread 0 is running
Thread 3 is running
Thread 4 is running
Thread Thread Thread 513 is running is running

Thread 8 is running
Thread 9 is running
2 is running
Thread 10 is running
Thread 7 is running
Thread 11 is running
Thread 1 is running
Thread 6 is running
Thread 12 is running
### Batch Running Time: 0.5196
### Insertion Running Time: 0.5186
### Deletion Running Time: 0.000993
### Batch Num: 1000000
### Coreness Estimate: 96
### Number Insertion Flips: 0
### Number Deletion Flips: 0
### Max Outdegree: 256
resized hist_table to: 262144
# PBBS time: bucket time: 0.0052
# PBBS time: histogram time: 0.0458
### Coreness Exact Old: 96
### Num Bad: 9.093e+05
### Per Vertex Average Coreness Error: 1.238
### Per Vertex Min Coreness Error: 1
### Per Vertex Max Coreness Error: 2.263
### Batch Running Time: 0.2208
### Insertion Running Time: 0.2198
### Deletion Running Time: 0.0009351
### Batch Num: 2000000
### Coreness Estimate: 96
### Number Insertion Flips: 0
### Number Deletion Flips: 0
### Max Outdegree: 512
resized hist_table to: 524288
# PBBS time: bucket time: 0.0051
# PBBS time: histogram time: 0.0434
### Coreness Exact Old: 115
### Num Bad: 4.931e+05
### Per Vertex Average Coreness Error: 1.175
### Per Vertex Min Coreness Error: 1
### Per Vertex Max Coreness Error: 2.296
### Batch Running Time: 0.1009
### Insertion Running Time: 0.09971
### Deletion Running Time: 0.001197
### Batch Num: 2787967
### Coreness Estimate: 115
### Number Insertion Flips: 0
### Number Deletion Flips: 0
### Max Outdegree: 512
resized hist_table to: 1048576
# PBBS time: bucket time: 0.0098
# PBBS time: histogram time: 0.0977
### Coreness Exact Old: 124
### Num Bad: 4.613e+04
### Per Vertex Average Coreness Error: 1.141
### Per Vertex Min Coreness Error: 1
### Per Vertex Max Coreness Error: 2.263
### Total Time: 1.3
### Average Error: 1.411
### Max Error: 2.8
### Main Counter: 26684139
### Num Reader Threads: 15
### Throughput: 2.053e+07
### Latency Percentile 0.95: 1.192e-06
### Average Latency: 5.938e-07
### Running Time: 1.722
### Application: LDS
### Graph: ../benchmarks/EdgeOrientation/ParallelLDS/empty_h
### Threads: 60
### n: 0
### m: 0
### Params: 
### ------------------------------------
resized hist_table to: 262144
# PBBS time: bucket time: 0.0096
# PBBS time: histogram time: 0.0313
### Coreness Exact: 96
resized hist_table to: 524288
# PBBS time: bucket time: 0.0046
# PBBS time: histogram time: 0.0405
### Coreness Exact: 115
resized hist_table to: 1048576
# PBBS time: bucket time: 0.0116
# PBBS time: histogram time: 0.0450
### Coreness Exact: 124
Barrier is initializing
Thread 0 is waiting
Thread 1 is waiting
Thread 2 is waiting
Thread 3 is waiting
Thread 4 is waiting
Thread 5 is waiting
Thread 6 is waiting
Thread 8 is waiting
Thread 9 is waiting
Thread 10 is waiting
Thread 7 is waiting
Thread 11 is waiting
Thread 12 is waiting
Thread 13 is waiting
Main thread batch is waiting
Thread 14 is waiting
Thread 14 is running
Thread 0 is running
Thread 1 is running
Thread 3 is running
Main thread batch started
Thread 4 is running
Thread 8 is running
Thread Thread 12 is running
Thread 13 is running
Thread 11 is running
Thread 2 is running
Thread Thread 10 is running
Thread 7 is running
5 is running
Thread 9 is running
6 is running
### Batch Running Time: 0.5187
### Insertion Running Time: 0.5174
### Deletion Running Time: 0.001233
### Batch Num: 1000000
### Coreness Estimate: 96
### Number Insertion Flips: 0
### Number Deletion Flips: 0
### Max Outdegree: 256
resized hist_table to: 262144
# PBBS time: bucket time: 0.0046
# PBBS time: histogram time: 0.0575
### Coreness Exact Old: 96
### Num Bad: 9.093e+05
### Per Vertex Average Coreness Error: 1.238
### Per Vertex Min Coreness Error: 1
### Per Vertex Max Coreness Error: 2.263
### Batch Running Time: 0.2485
### Insertion Running Time: 0.2473
### Deletion Running Time: 0.001217
### Batch Num: 2000000
### Coreness Estimate: 96
### Number Insertion Flips: 0
### Number Deletion Flips: 0
### Max Outdegree: 512
resized hist_table to: 524288
# PBBS time: bucket time: 0.0051
# PBBS time: histogram time: 0.0842
### Coreness Exact Old: 115
### Num Bad: 4.931e+05
### Per Vertex Average Coreness Error: 1.175
### Per Vertex Min Coreness Error: 1
### Per Vertex Max Coreness Error: 2.296
### Batch Running Time: 0.1032
### Insertion Running Time: 0.102
### Deletion Running Time: 0.001204
### Batch Num: 2787967
### Coreness Estimate: 115
### Number Insertion Flips: 0
### Number Deletion Flips: 0
### Max Outdegree: 512
resized hist_table to: 1048576
# PBBS time: bucket time: 0.0066
# PBBS time: histogram time: 0.0986
### Coreness Exact Old: 124
### Num Bad: 4.613e+04
### Per Vertex Average Coreness Error: 1.141
### Per Vertex Min Coreness Error: 1
### Per Vertex Max Coreness Error: 2.263
### Total Time: 1.467
### Average Error: 1.411
### Max Error: 2.8
### Main Counter: 33057895
### Num Reader Threads: 15
### Throughput: 2.253e+07
### Latency Percentile 0.95: 1.192e-06
### Average Latency: 5.398e-07
### Running Time: 1.902
### Application: LDS
### Graph: ../benchmarks/EdgeOrientation/ParallelLDS/empty_h
### Threads: 60
### n: 0
### m: 0
### Params: 
### ------------------------------------
resized hist_table to: 262144
# PBBS time: bucket time: 0.0035
# PBBS time: histogram time: 0.0262
### Coreness Exact: 96
resized hist_table to: 524288
# PBBS time: bucket time: 0.0048
# PBBS time: histogram time: 0.0404
### Coreness Exact: 115
resized hist_table to: 1048576
# PBBS time: bucket time: 0.0052
# PBBS time: histogram time: 0.0474
### Coreness Exact: 124
Barrier is initializing
Thread 0 is waiting
Thread 2 is waiting
Thread 3 is waiting
Thread 4 is waiting
Thread 7 is waiting
Thread 8 is waiting
Thread 9 is waiting
Thread 10 is waiting
Thread 5 is waiting
Thread 11 is waiting
Thread 6 is waiting
Thread 12 is waiting
Thread Thread 13 is waiting
1 is waiting
Main thread batch is waiting
Thread 14 is waiting
Thread 14 is running
Thread 0 is running
Thread Main thread batch started
Thread 4 is running
Thread 7 is running
Thread Thread 11 is running
9Thread 12 is running
Thread 13 is running
Thread 1 is running
Thread 8 is running
Thread 2 is running
Thread 3 is running
 is running6 is running
Thread 10 is running

Thread 5 is running
### Batch Running Time: 0.4595
### Insertion Running Time: 0.4583
### Deletion Running Time: 0.001196
### Batch Num: 1000000
### Coreness Estimate: 96
### Number Insertion Flips: 0
### Number Deletion Flips: 0
### Max Outdegree: 256
resized hist_table to: 262144
# PBBS time: bucket time: 0.0037
# PBBS time: histogram time: 0.0282
### Coreness Exact Old: 96
### Num Bad: 9.093e+05
### Per Vertex Average Coreness Error: 1.238
### Per Vertex Min Coreness Error: 1
### Per Vertex Max Coreness Error: 2.263
### Batch Running Time: 0.1671
### Insertion Running Time: 0.1659
### Deletion Running Time: 0.001195
### Batch Num: 2000000
### Coreness Estimate: 96
### Number Insertion Flips: 0
### Number Deletion Flips: 0
### Max Outdegree: 512
resized hist_table to: 524288
# PBBS time: bucket time: 0.0069
# PBBS time: histogram time: 0.0495
### Coreness Exact Old: 115
### Num Bad: 4.931e+05
### Per Vertex Average Coreness Error: 1.175
### Per Vertex Min Coreness Error: 1
### Per Vertex Max Coreness Error: 2.296
### Batch Running Time: 0.1253
### Insertion Running Time: 0.1241
### Deletion Running Time: 0.001205
### Batch Num: 2787967
### Coreness Estimate: 115
### Number Insertion Flips: 0
### Number Deletion Flips: 0
### Max Outdegree: 512
resized hist_table to: 1048576
# PBBS time: bucket time: 0.0063
# PBBS time: histogram time: 0.0567
### Coreness Exact Old: 124
### Num Bad: 4.613e+04
### Per Vertex Average Coreness Error: 1.141
### Per Vertex Min Coreness Error: 1
### Per Vertex Max Coreness Error: 2.263
### Total Time: 1.108
### Average Error: 1.411
### Max Error: 2.8
### Main Counter: 24251860
### Num Reader Threads: 15
### Throughput: 2.189e+07
### Latency Percentile 0.95: 1.192e-06
### Average Latency: 5.573e-07
### Running Time: 1.445
### Application: LDS
### Graph: ../benchmarks/EdgeOrientation/ParallelLDS/empty_h
### Threads: 60
### n: 0
### m: 0
### Params: 
### ------------------------------------
resized hist_table to: 262144
# PBBS time: bucket time: 0.0035
# PBBS time: histogram time: 0.0302
### Coreness Exact: 96
resized hist_table to: 524288
# PBBS time: bucket time: 0.0047
# PBBS time: histogram time: 0.0402
### Coreness Exact: 115
resized hist_table to: 1048576
# PBBS time: bucket time: 0.0051
# PBBS time: histogram time: 0.0437
### Coreness Exact: 124
Barrier is initializing
Thread 0 is waiting
Thread 2 is waiting
Thread 3 is waiting
Thread 1 is waiting
Thread 6 is waiting
Thread 7 is waiting
Thread 8 is waiting
Thread 5 is waiting
Thread 9 is waiting
Thread 10 is waiting
Thread 11 is waiting
Thread 12 is waiting
Thread 13 is waiting
Thread 4 is waiting
Main thread batch is waiting
Thread 14 is waiting
Thread 14 is running
Main thread batch started
Thread 2 is running
Thread 1 is running
Thread 3 is running
Thread 6 is running
Thread 7 is running
Thread Thread 011 is running
Thread  is running
Thread 10 is running
Thread 5 is running
Thread Thread 13 is running
12 is running
Thread 9 is running
8 is running
Thread 4 is running
### Batch Running Time: 0.5169
### Insertion Running Time: 0.5157
### Deletion Running Time: 0.001242
### Batch Num: 1000000
### Coreness Estimate: 96
### Number Insertion Flips: 0
### Number Deletion Flips: 0
### Max Outdegree: 256
resized hist_table to: 262144
# PBBS time: bucket time: 0.0038
# PBBS time: histogram time: 0.0302
### Coreness Exact Old: 96
### Num Bad: 9.093e+05
### Per Vertex Average Coreness Error: 1.238
### Per Vertex Min Coreness Error: 1
### Per Vertex Max Coreness Error: 2.263
### Batch Running Time: 0.1197
### Insertion Running Time: 0.1184
### Deletion Running Time: 0.001216
### Batch Num: 2000000
### Coreness Estimate: 96
### Number Insertion Flips: 0
### Number Deletion Flips: 0
### Max Outdegree: 512
resized hist_table to: 524288
# PBBS time: bucket time: 0.0066
# PBBS time: histogram time: 0.0728
### Coreness Exact Old: 115
### Num Bad: 4.931e+05
### Per Vertex Average Coreness Error: 1.175
### Per Vertex Min Coreness Error: 1
### Per Vertex Max Coreness Error: 2.296
### Batch Running Time: 0.1095
### Insertion Running Time: 0.1078
### Deletion Running Time: 0.001639
### Batch Num: 2787967
### Coreness Estimate: 115
### Number Insertion Flips: 0
### Number Deletion Flips: 0
### Max Outdegree: 512
resized hist_table to: 1048576
# PBBS time: bucket time: 0.0060
# PBBS time: histogram time: 0.1023
### Coreness Exact Old: 124
### Num Bad: 4.613e+04
### Per Vertex Average Coreness Error: 1.141
### Per Vertex Min Coreness Error: 1
### Per Vertex Max Coreness Error: 2.263
### Total Time: 1.121
### Average Error: 1.403
### Max Error: 2.8
### Main Counter: 24991962
### Num Reader Threads: 15
### Throughput: 2.23e+07
### Latency Percentile 0.95: 1.192e-06
### Average Latency: 5.459e-07
### Running Time: 1.529
### Application: LDS
### Graph: ../benchmarks/EdgeOrientation/ParallelLDS/empty_h
### Threads: 60
### n: 0
### m: 0
### Params: 
### ------------------------------------
resized hist_table to: 262144
# PBBS time: bucket time: 0.0034
# PBBS time: histogram time: 0.0260
### Coreness Exact: 96
resized hist_table to: 524288
# PBBS time: bucket time: 0.0048
# PBBS time: histogram time: 0.0395
### Coreness Exact: 115
resized hist_table to: 1048576
# PBBS time: bucket time: 0.0052
# PBBS time: histogram time: 0.0436
### Coreness Exact: 124
Barrier is initializing
Thread 0 is waiting
Thread 1 is waiting
Thread 3 is waiting
Thread 2 is waiting
Thread 4 is waiting
Thread 6 is waiting
Thread 7 is waiting
Thread 8 is waiting
Thread Thread 10 is waiting5 is waiting

Thread 9 is waiting
Thread 11 is waiting
Thread 12 is waiting
Thread 13 is waiting
Main thread batch is waiting
Thread 14 is waiting
Thread 14 is running
Thread 0 is running
Thread 1 is running
Thread 2 is running
Thread 4 is running
Thread 9 is running
Thread Thread 116 is running
 is runningThread Thread 13 is running8

 is runningThread 7 is running
Thread 12 is running
Main thread batch started
Thread 10 is running

Thread 5 is running
Thread 3 is running
### Batch Running Time: 0.6913
### Insertion Running Time: 0.6901
### Deletion Running Time: 0.001196
### Batch Num: 1000000
### Coreness Estimate: 96
### Number Insertion Flips: 0
### Number Deletion Flips: 0
### Max Outdegree: 256
resized hist_table to: 262144
# PBBS time: bucket time: 0.0035
# PBBS time: histogram time: 0.0284
### Coreness Exact Old: 96
### Num Bad: 9.093e+05
### Per Vertex Average Coreness Error: 1.238
### Per Vertex Min Coreness Error: 1
### Per Vertex Max Coreness Error: 2.263
### Batch Running Time: 0.1316
### Insertion Running Time: 0.1303
### Deletion Running Time: 0.00126
### Batch Num: 2000000
### Coreness Estimate: 96
### Number Insertion Flips: 0
### Number Deletion Flips: 0
### Max Outdegree: 512
resized hist_table to: 524288
# PBBS time: bucket time: 0.0053
# PBBS time: histogram time: 0.0426
### Coreness Exact Old: 115
### Num Bad: 4.931e+05
### Per Vertex Average Coreness Error: 1.175
### Per Vertex Min Coreness Error: 1
### Per Vertex Max Coreness Error: 2.296
### Batch Running Time: 0.1062
### Insertion Running Time: 0.105
### Deletion Running Time: 0.001226
### Batch Num: 2787967
### Coreness Estimate: 115
### Number Insertion Flips: 0
### Number Deletion Flips: 0
### Max Outdegree: 512
resized hist_table to: 1048576
# PBBS time: bucket time: 0.0217
# PBBS time: histogram time: 0.0708
### Coreness Exact Old: 124
### Num Bad: 4.613e+04
### Per Vertex Average Coreness Error: 1.141
### Per Vertex Min Coreness Error: 1
### Per Vertex Max Coreness Error: 2.263
### Total Time: 1.379
### Average Error: 1.406
### Max Error: 2.8
### Main Counter: 30336010
### Num Reader Threads: 15
### Throughput: 2.199e+07
### Latency Percentile 0.95: 1.192e-06
### Average Latency: 5.521e-07
### Running Time: 1.704
### Application: LDS
### Graph: ../benchmarks/EdgeOrientation/ParallelLDS/empty_h
### Threads: 60
### n: 0
### m: 0
### Params: 
### ------------------------------------
resized hist_table to: 262144
# PBBS time: bucket time: 0.0035
# PBBS time: histogram time: 0.0262
### Coreness Exact: 96
resized hist_table to: 524288
# PBBS time: bucket time: 0.0047
# PBBS time: histogram time: 0.0396
### Coreness Exact: 115
resized hist_table to: 1048576
# PBBS time: bucket time: 0.0053
# PBBS time: histogram time: 0.0436
### Coreness Exact: 124
Barrier is initializing
Thread 0 is waiting
Thread 2 is waiting
Thread 3 is waiting
Thread 1 is waiting
Thread 4 is waiting
Thread 5 is waiting
Thread 6 is waiting
Thread 7 is waiting
Thread 8 is waiting
Thread 9 is waiting
Thread 10 is waiting
Thread 11 is waiting
Thread 12 is waiting
Thread 13 is waiting
Main thread batch is waiting
Thread 14 is waiting
Thread 14 is running
Thread 0 is running
Main thread batch startedThread 4 is running

Thread 5 is running
Thread Thread 6 is running
Thread Thread 8 is running
7 is running
Thread 1 is running
Thread 11 is running
Thread 13 is running
Thread 9 is running
3 is running
Thread 10 is running
Thread 2 is running
Thread 12 is running
### Batch Running Time: 0.5665
### Insertion Running Time: 0.5652
### Deletion Running Time: 0.001283
### Batch Num: 1000000
### Coreness Estimate: 96
### Number Insertion Flips: 0
### Number Deletion Flips: 0
### Max Outdegree: 256
resized hist_table to: 262144
# PBBS time: bucket time: 0.0062
# PBBS time: histogram time: 0.0411
### Coreness Exact Old: 96
### Num Bad: 9.093e+05
### Per Vertex Average Coreness Error: 1.238
### Per Vertex Min Coreness Error: 1
### Per Vertex Max Coreness Error: 2.263
### Batch Running Time: 0.1354
### Insertion Running Time: 0.1341
### Deletion Running Time: 0.001237
### Batch Num: 2000000
### Coreness Estimate: 96
### Number Insertion Flips: 0
### Number Deletion Flips: 0
### Max Outdegree: 512
resized hist_table to: 524288
# PBBS time: bucket time: 0.0049
# PBBS time: histogram time: 0.0426
### Coreness Exact Old: 115
### Num Bad: 4.931e+05
### Per Vertex Average Coreness Error: 1.175
### Per Vertex Min Coreness Error: 1
### Per Vertex Max Coreness Error: 2.296
### Batch Running Time: 0.08932
### Insertion Running Time: 0.0881
### Deletion Running Time: 0.001215
### Batch Num: 2787967
### Coreness Estimate: 115
### Number Insertion Flips: 0
### Number Deletion Flips: 0
### Max Outdegree: 512
resized hist_table to: 1048576
# PBBS time: bucket time: 0.0057
# PBBS time: histogram time: 0.0489
### Coreness Exact Old: 124
### Num Bad: 4.613e+04
### Per Vertex Average Coreness Error: 1.141
### Per Vertex Min Coreness Error: 1
### Per Vertex Max Coreness Error: 2.263
### Total Time: 1.136
### Average Error: 1.414
### Max Error: 2.8
### Main Counter: 24546334
### Num Reader Threads: 15
### Throughput: 2.162e+07
### Latency Percentile 0.95: 1.192e-06
### Average Latency: 5.68e-07
### Running Time: 1.451
### Application: LDS
### Graph: ../benchmarks/EdgeOrientation/ParallelLDS/empty_h
### Threads: 60
### n: 0
### m: 0
### Params: 
### ------------------------------------
resized hist_table to: 262144
# PBBS time: bucket time: 0.0034
# PBBS time: histogram time: 0.0262
### Coreness Exact: 96
resized hist_table to: 524288
# PBBS time: bucket time: 0.0047
# PBBS time: histogram time: 0.0393
### Coreness Exact: 115
resized hist_table to: 1048576
# PBBS time: bucket time: 0.0054
# PBBS time: histogram time: 0.0432
### Coreness Exact: 124
Barrier is initializing
Thread 3 is waiting
Thread 2 is waiting
Thread 4 is waiting
Thread 1 is waiting
Thread 7 is waiting
Thread 11 is waiting
Thread 6 is waiting
Thread Thread 12 is waiting
Thread 8 is waiting
9 is waiting
Thread 13 is waiting
Thread 10 is waiting
Thread 5 is waiting
Main thread batch is waiting
Thread 14 is waiting
Thread 0 is waiting
Thread 0 is running
Thread 14 is running
Thread 2 is running
Thread 9 is running
Thread 3 is running
Thread 1 is running
Thread Thread 11 is running7
 is runningThread 
Thread 12 is running
6 is running
Thread 10 is running
Thread Main thread batch started
13 is running
Thread 5 is running
Thread 4 is running
Thread 8 is running
### Batch Running Time: 0.6495
### Insertion Running Time: 0.6482
### Deletion Running Time: 0.001261
### Batch Num: 1000000
### Coreness Estimate: 96
### Number Insertion Flips: 0
### Number Deletion Flips: 0
### Max Outdegree: 256
resized hist_table to: 262144
# PBBS time: bucket time: 0.0045
# PBBS time: histogram time: 0.0700
### Coreness Exact Old: 96
### Num Bad: 9.093e+05
### Per Vertex Average Coreness Error: 1.238
### Per Vertex Min Coreness Error: 1
### Per Vertex Max Coreness Error: 2.263
### Batch Running Time: 0.1549
### Insertion Running Time: 0.1537
### Deletion Running Time: 0.001234
### Batch Num: 2000000
### Coreness Estimate: 96
### Number Insertion Flips: 0
### Number Deletion Flips: 0
### Max Outdegree: 512
resized hist_table to: 524288
# PBBS time: bucket time: 0.0102
# PBBS time: histogram time: 0.0704
### Coreness Exact Old: 115
### Num Bad: 4.931e+05
### Per Vertex Average Coreness Error: 1.175
### Per Vertex Min Coreness Error: 1
### Per Vertex Max Coreness Error: 2.296
### Batch Running Time: 0.09432
### Insertion Running Time: 0.09312
### Deletion Running Time: 0.001207
### Batch Num: 2787967
### Coreness Estimate: 115
### Number Insertion Flips: 0
### Number Deletion Flips: 0
### Max Outdegree: 512
resized hist_table to: 1048576
# PBBS time: bucket time: 0.0067
# PBBS time: histogram time: 0.0529
### Coreness Exact Old: 124
### Num Bad: 4.613e+04
### Per Vertex Average Coreness Error: 1.141
### Per Vertex Min Coreness Error: 1
### Per Vertex Max Coreness Error: 2.263
### Total Time: 1.305
### Average Error: 1.413
### Max Error: 2.8
### Main Counter: 28957061
### Num Reader Threads: 15
### Throughput: 2.219e+07
### Latency Percentile 0.95: 1.192e-06
### Average Latency: 5.501e-07
### Running Time: 1.637
### Application: LDS
### Graph: ../benchmarks/EdgeOrientation/ParallelLDS/empty_h
### Threads: 60
### n: 0
### m: 0
### Params: 
### ------------------------------------
resized hist_table to: 262144
# PBBS time: bucket time: 0.0035
# PBBS time: histogram time: 0.0278
### Coreness Exact: 96
resized hist_table to: 524288
# PBBS time: bucket time: 0.0047
# PBBS time: histogram time: 0.0403
### Coreness Exact: 115
resized hist_table to: 1048576
# PBBS time: bucket time: 0.0055
# PBBS time: histogram time: 0.0447
### Coreness Exact: 124
Barrier is initializing
Thread 2 is waiting
Thread 1 is waiting
Thread 3 is waiting
Thread 4 is waiting
Thread 6 is waiting
Thread 7 is waiting
Thread 8 is waiting
Thread 9 is waiting
Thread 5 is waiting
Thread 10 is waiting
Thread 11 is waiting
Thread 12 is waiting
Thread 13 is waiting
Thread Main thread batch is waiting
Thread 0 is waiting
14 is waiting
Thread 14 is running
Thread 3 is running
Thread 7 is running
Main thread batch started
Thread 8 is running
Thread Thread 9 is running
Thread 4 is running
Thread 0 is running
Thread 10 is running
Thread 1 is running
6Thread Thread 1213 is running
 is running is running
Thread 11Thread 5 is running
 is running

Thread 2 is running
### Batch Running Time: 0.4494
### Insertion Running Time: 0.4482
### Deletion Running Time: 0.001227
### Batch Num: 1000000
### Coreness Estimate: 96
### Number Insertion Flips: 0
### Number Deletion Flips: 0
### Max Outdegree: 256
resized hist_table to: 262144
# PBBS time: bucket time: 0.0035
# PBBS time: histogram time: 0.0281
### Coreness Exact Old: 96
### Num Bad: 9.093e+05
### Per Vertex Average Coreness Error: 1.238
### Per Vertex Min Coreness Error: 1
### Per Vertex Max Coreness Error: 2.263
### Batch Running Time: 0.1561
### Insertion Running Time: 0.1549
### Deletion Running Time: 0.00121
### Batch Num: 2000000
### Coreness Estimate: 96
### Number Insertion Flips: 0
### Number Deletion Flips: 0
### Max Outdegree: 512
resized hist_table to: 524288
# PBBS time: bucket time: 0.0167
# PBBS time: histogram time: 0.0429
### Coreness Exact Old: 115
### Num Bad: 4.931e+05
### Per Vertex Average Coreness Error: 1.175
### Per Vertex Min Coreness Error: 1
### Per Vertex Max Coreness Error: 2.296
### Batch Running Time: 0.08521
### Insertion Running Time: 0.0838
### Deletion Running Time: 0.001407
### Batch Num: 2787967
### Coreness Estimate: 115
### Number Insertion Flips: 0
### Number Deletion Flips: 0
### Max Outdegree: 512
resized hist_table to: 1048576
# PBBS time: bucket time: 0.0058
# PBBS time: histogram time: 0.0490
### Coreness Exact Old: 124
### Num Bad: 4.613e+04
### Per Vertex Average Coreness Error: 1.141
### Per Vertex Min Coreness Error: 1
### Per Vertex Max Coreness Error: 2.263
### Total Time: 1.073
### Average Error: 1.413
### Max Error: 2.8
### Main Counter: 23196959
### Num Reader Threads: 15
### Throughput: 2.161e+07
### Latency Percentile 0.95: 1.192e-06
### Average Latency: 5.646e-07
### Running Time: 1.479
### Application: LDS
### Graph: ../benchmarks/EdgeOrientation/ParallelLDS/empty_h
### Threads: 60
### n: 0
### m: 0
### Params: 
### ------------------------------------
resized hist_table to: 262144
# PBBS time: bucket time: 0.0035
# PBBS time: histogram time: 0.0262
### Coreness Exact: 96
resized hist_table to: 524288
# PBBS time: bucket time: 0.0047
# PBBS time: histogram time: 0.0396
### Coreness Exact: 115
resized hist_table to: 1048576
# PBBS time: bucket time: 0.0054
# PBBS time: histogram time: 0.0447
### Coreness Exact: 124
Barrier is initializing
Thread 0 is waiting
Thread 2 is waiting
Thread 3 is waiting
Thread 1 is waiting
Thread 4 is waiting
Thread 6 is waiting
Thread 8 is waiting
Thread Thread 10 is waiting
Thread Thread 5 is waiting7 is waiting9

 is waiting
Thread 12 is waiting
Thread 13 is waiting
Thread 11 is waiting
Main thread batch is waiting
Thread 14 is waiting
Thread 14 is running
Main thread batch started
Thread 2 is running
Thread 11 is running
Thread 0 is running
Thread 9 is running
Thread 8 is running
Thread 4 is running
Thread 6 is running
Thread 7 is running
Thread 5 is running
Thread 12 is running
Thread 3 is running
Thread 10 is running
Thread 1 is running
Thread 13 is running
### Batch Running Time: 0.4777
### Insertion Running Time: 0.4765
### Deletion Running Time: 0.001195
### Batch Num: 1000000
### Coreness Estimate: 96
### Number Insertion Flips: 0
### Number Deletion Flips: 0
### Max Outdegree: 256
resized hist_table to: 262144
# PBBS time: bucket time: 0.0037
# PBBS time: histogram time: 0.0439
### Coreness Exact Old: 96
### Num Bad: 9.093e+05
### Per Vertex Average Coreness Error: 1.238
### Per Vertex Min Coreness Error: 1
### Per Vertex Max Coreness Error: 2.263
### Batch Running Time: 0.1652
### Insertion Running Time: 0.164
### Deletion Running Time: 0.001228
### Batch Num: 2000000
### Coreness Estimate: 96
### Number Insertion Flips: 0
### Number Deletion Flips: 0
### Max Outdegree: 512
resized hist_table to: 524288
# PBBS time: bucket time: 0.0066
# PBBS time: histogram time: 0.0491
### Coreness Exact Old: 115
### Num Bad: 4.931e+05
### Per Vertex Average Coreness Error: 1.175
### Per Vertex Min Coreness Error: 1
### Per Vertex Max Coreness Error: 2.296
### Batch Running Time: 0.1095
### Insertion Running Time: 0.1079
### Deletion Running Time: 0.001607
### Batch Num: 2787967
### Coreness Estimate: 115
### Number Insertion Flips: 0
### Number Deletion Flips: 0
### Max Outdegree: 512
resized hist_table to: 1048576
# PBBS time: bucket time: 0.0063
# PBBS time: histogram time: 0.0754
### Coreness Exact Old: 124
### Num Bad: 4.613e+04
### Per Vertex Average Coreness Error: 1.141
### Per Vertex Min Coreness Error: 1
### Per Vertex Max Coreness Error: 2.263
### Total Time: 1.123
### Average Error: 1.412
### Max Error: 2.8
### Main Counter: 24035730
### Num Reader Threads: 15
### Throughput: 2.14e+07
### Latency Percentile 0.95: 1.192e-06
### Average Latency: 5.694e-07
### Running Time: 1.432
### Application: LDS
### Graph: ../benchmarks/EdgeOrientation/ParallelLDS/empty_h
### Threads: 60
### n: 0
### m: 0
### Params: 
### ------------------------------------
resized hist_table to: 262144
# PBBS time: bucket time: 0.0034
# PBBS time: histogram time: 0.0260
### Coreness Exact: 96
resized hist_table to: 524288
# PBBS time: bucket time: 0.0047
# PBBS time: histogram time: 0.0394
### Coreness Exact: 115
resized hist_table to: 1048576
# PBBS time: bucket time: 0.0055
# PBBS time: histogram time: 0.0445
### Coreness Exact: 124
Barrier is initializing
Thread 2 is waiting
Thread 3 is waiting
Thread 4 is waiting
Thread 1 is waiting
Thread 6 is waiting
Thread 7 is waiting
Thread 8 is waiting
Thread 9 is waiting
Thread 5 is waiting
Thread 10 is waiting
Thread 11 is waiting
Thread 12 is waiting
Thread 13 is waiting
Main thread batch is waiting
Thread 14 is waiting
Thread 0 is waiting
Thread 0 is running
Thread 2 is running
Thread Thread 1 is running
Thread 6 is running
4 is running
Thread 10 is running
Thread Thread 57 is running is running

Thread 3Thread  is running13 is running

Thread 12 is running
Main thread batch started
Thread Thread 8Thread 14 is running
 is running
Thread 11 is running
9 is running
### Batch Running Time: 0.5483
### Insertion Running Time: 0.5471
### Deletion Running Time: 0.001209
### Batch Num: 1000000
### Coreness Estimate: 96
### Number Insertion Flips: 0
### Number Deletion Flips: 0
### Max Outdegree: 256
resized hist_table to: 262144
# PBBS time: bucket time: 0.0036
# PBBS time: histogram time: 0.0272
### Coreness Exact Old: 96
### Num Bad: 9.093e+05
### Per Vertex Average Coreness Error: 1.238
### Per Vertex Min Coreness Error: 1
### Per Vertex Max Coreness Error: 2.263
### Batch Running Time: 0.1387
### Insertion Running Time: 0.1375
### Deletion Running Time: 0.001273
### Batch Num: 2000000
### Coreness Estimate: 96
### Number Insertion Flips: 0
### Number Deletion Flips: 0
### Max Outdegree: 512
resized hist_table to: 524288
# PBBS time: bucket time: 0.0052
# PBBS time: histogram time: 0.0448
### Coreness Exact Old: 115
### Num Bad: 4.931e+05
### Per Vertex Average Coreness Error: 1.175
### Per Vertex Min Coreness Error: 1
### Per Vertex Max Coreness Error: 2.296
### Batch Running Time: 0.1555
### Insertion Running Time: 0.1542
### Deletion Running Time: 0.001214
### Batch Num: 2787967
### Coreness Estimate: 115
### Number Insertion Flips: 0
### Number Deletion Flips: 0
### Max Outdegree: 512
resized hist_table to: 1048576
# PBBS time: bucket time: 0.0181
# PBBS time: histogram time: 0.0648
### Coreness Exact Old: 124
### Num Bad: 4.613e+04
### Per Vertex Average Coreness Error: 1.141
### Per Vertex Min Coreness Error: 1
### Per Vertex Max Coreness Error: 2.263
### Total Time: 1.285
### Average Error: 1.404
### Max Error: 2.8
### Main Counter: 26678337
### Num Reader Threads: 15
### Throughput: 2.076e+07
### Latency Percentile 0.95: 1.192e-06
### Average Latency: 5.921e-07
### Running Time: 1.601
### Application: LDS
### Graph: ../benchmarks/EdgeOrientation/ParallelLDS/empty_h
### Threads: 60
### n: 0
### m: 0
### Params: 
### ------------------------------------
resized hist_table to: 262144
# PBBS time: bucket time: 0.0035
# PBBS time: histogram time: 0.0261
### Coreness Exact: 96
resized hist_table to: 524288
# PBBS time: bucket time: 0.0047
# PBBS time: histogram time: 0.0399
### Coreness Exact: 115
resized hist_table to: 1048576
# PBBS time: bucket time: 0.0055
# PBBS time: histogram time: 0.0451
### Coreness Exact: 124
Barrier is initializing
Thread 0 is waiting
Thread 2 is waiting
Thread 3 is waiting
Thread 1 is waiting
Thread 4 is waiting
Thread 7 is waiting
Thread 8 is waiting
Thread 9 is waiting
Thread Thread 10 is waiting
Thread 6 is waiting
5Thread 11 is waiting
Thread 12 is waiting
Thread 13 is waiting
 is waiting
Main thread batch is waiting
Thread 14 is waiting
Thread 14 is running
Thread 3 is running
Thread 1 is running
Thread 4 is running
Thread 7 is running
Thread 9 is running
Thread 10 is running
Thread 6 is running
Thread 11 is running
Thread 12 is running
Thread 0 is running
Thread 5 is running
Thread 2 is running
Thread 13 is running
Main thread batch started
Thread 8 is running
### Batch Running Time: 0.5236
### Insertion Running Time: 0.5223
### Deletion Running Time: 0.001231
### Batch Num: 1000000
### Coreness Estimate: 96
### Number Insertion Flips: 0
### Number Deletion Flips: 0
### Max Outdegree: 256
resized hist_table to: 262144
# PBBS time: bucket time: 0.0036
# PBBS time: histogram time: 0.0278
### Coreness Exact Old: 96
### Num Bad: 9.093e+05
### Per Vertex Average Coreness Error: 1.238
### Per Vertex Min Coreness Error: 1
### Per Vertex Max Coreness Error: 2.263
### Batch Running Time: 0.1297
### Insertion Running Time: 0.1281
### Deletion Running Time: 0.001617
### Batch Num: 2000000
### Coreness Estimate: 96
### Number Insertion Flips: 0
### Number Deletion Flips: 0
### Max Outdegree: 512
resized hist_table to: 524288
# PBBS time: bucket time: 0.0050
# PBBS time: histogram time: 0.0441
### Coreness Exact Old: 115
### Num Bad: 4.931e+05
### Per Vertex Average Coreness Error: 1.175
### Per Vertex Min Coreness Error: 1
### Per Vertex Max Coreness Error: 2.296
### Batch Running Time: 0.1119
### Insertion Running Time: 0.1107
### Deletion Running Time: 0.001212
### Batch Num: 2787967
### Coreness Estimate: 115
### Number Insertion Flips: 0
### Number Deletion Flips: 0
### Max Outdegree: 512
resized hist_table to: 1048576
# PBBS time: bucket time: 0.0055
# PBBS time: histogram time: 0.0482
### Coreness Exact Old: 124
### Num Bad: 4.613e+04
### Per Vertex Average Coreness Error: 1.141
### Per Vertex Min Coreness Error: 1
### Per Vertex Max Coreness Error: 2.263
### Total Time: 1.172
### Average Error: 1.41
### Max Error: 2.8
### Main Counter: 25114858
### Num Reader Threads: 15
### Throughput: 2.143e+07
### Latency Percentile 0.95: 1.192e-06
### Average Latency: 5.714e-07
### Running Time: 1.481
# time per iter: 1.58
